<?xml version="1.0" encoding="UTF-8"?>
<!-- Generated by org.testng.reporters.JUnitXMLReporter -->
<testsuite ignored="1" hostname="DESKTOP-ENRTSMA" failures="0" tests="1" name="Cross browser testing on Edge Browser(failed)(failed)" time="5.68" errors="0" timestamp="24 Nov 2023 16:13:34 GMT">
  <testcase classname="saucedemo.tests.LogoutTest" name="testToLogoutFromProductDetailsPage" time="0.862"/>
  <testcase classname="saucedemo.tests.LogoutTest" name="testToLogoutFromProductListPage" time="0.0">
    <ignored/>
  </testcase> <!-- testToLogoutFromProductListPage -->
</testsuite> <!-- Cross browser testing on Edge Browser(failed)(failed) -->
