<?xml version="1.0" encoding="UTF-8"?>
<!-- Generated by org.testng.reporters.JUnitXMLReporter -->
<testsuite ignored="0" hostname="DESKTOP-ENRTSMA" failures="0" tests="12" name="Test on Edge Browser" time="74.52" errors="0" timestamp="24 Nov 2023 13:11:24 GMT">
  <testcase classname="saucedemo.tests.LoginPageTest" name="testLoginWithInvalidCredentials" time="0.512"/>
  <testcase classname="saucedemo.tests.LoginPageTest" name="testLoginWithLockedCredentials" time="0.494"/>
  <testcase classname="saucedemo.tests.LoginPageTest" name="testLoginWithValidCredentials" time="0.558"/>
  <testcase classname="saucedemo.tests.ProductListPageTest" name="testToVerifyFooterNote" time="0.554"/>
  <testcase classname="saucedemo.tests.ProductListPageTest" name="testToVerifyPageHeader" time="0.53"/>
  <testcase classname="saucedemo.tests.ProductListPageTest" name="testToVerifyProductDetailsPageIsDisplayed" time="0.729"/>
  <testcase classname="saucedemo.tests.ProductDetailsPageTest" name="testToVerifyProductDescriptionOnProductDetailsPage" time="0.657"/>
  <testcase classname="saucedemo.tests.ProductDetailsPageTest" name="testToVerifyProductListPageIsDisplayedonClickingBackToProductsLink" time="0.82"/>
  <testcase classname="saucedemo.tests.ProductDetailsPageTest" name="testToVerifyProductNameOnProductDetailsPage" time="0.888"/>
  <testcase classname="saucedemo.tests.ProductDetailsPageTest" name="testToVerifyProductPriceOnProductDetailsPage" time="0.802"/>
  <testcase classname="saucedemo.tests.LogoutTest" name="testToLogoutFromProductDetailsPage" time="0.947"/>
  <testcase classname="saucedemo.tests.LogoutTest" name="testToLogoutFromProductListPage" time="0.769"/>
</testsuite> <!-- Test on Edge Browser -->
