<?xml version="1.0" encoding="UTF-8"?>
<!-- Generated by org.testng.reporters.JUnitXMLReporter -->
<testsuite ignored="0" hostname="DESKTOP-ENRTSMA" failures="0" tests="12" name="Test on Firefox Browser" time="99.304" errors="0" timestamp="24 Nov 2023 13:10:10 GMT">
  <testcase classname="saucedemo.tests.LoginPageTest" name="testLoginWithInvalidCredentials" time="0.773"/>
  <testcase classname="saucedemo.tests.LoginPageTest" name="testLoginWithLockedCredentials" time="0.77"/>
  <testcase classname="saucedemo.tests.LoginPageTest" name="testLoginWithValidCredentials" time="0.825"/>
  <testcase classname="saucedemo.tests.ProductListPageTest" name="testToVerifyFooterNote" time="0.769"/>
  <testcase classname="saucedemo.tests.ProductListPageTest" name="testToVerifyPageHeader" time="0.842"/>
  <testcase classname="saucedemo.tests.ProductListPageTest" name="testToVerifyProductDetailsPageIsDisplayed" time="1.101"/>
  <testcase classname="saucedemo.tests.ProductDetailsPageTest" name="testToVerifyProductDescriptionOnProductDetailsPage" time="0.97"/>
  <testcase classname="saucedemo.tests.ProductDetailsPageTest" name="testToVerifyProductListPageIsDisplayedonClickingBackToProductsLink" time="1.305"/>
  <testcase classname="saucedemo.tests.ProductDetailsPageTest" name="testToVerifyProductNameOnProductDetailsPage" time="1.006"/>
  <testcase classname="saucedemo.tests.ProductDetailsPageTest" name="testToVerifyProductPriceOnProductDetailsPage" time="1.082"/>
  <testcase classname="saucedemo.tests.LogoutTest" name="testToLogoutFromProductDetailsPage" time="1.363"/>
  <testcase classname="saucedemo.tests.LogoutTest" name="testToLogoutFromProductListPage" time="1.355"/>
</testsuite> <!-- Test on Firefox Browser -->
