<?xml version="1.0" encoding="UTF-8"?>
<!-- Generated by org.testng.reporters.JUnitXMLReporter -->
<testsuite ignored="1" hostname="DESKTOP-ENRTSMA" failures="0" tests="5" name="Cross browser testing on Chrome Browser" time="22.762" errors="0" timestamp="25 Nov 2023 16:02:37 GMT">
  <testcase classname="saucedemo.tests.LoginPageTest" name="testLoginWithValidCredentials" time="1.548"/>
  <testcase classname="saucedemo.tests.LogoutTest" name="testToLogoutFromProductListPage" time="1.496"/>
  <testcase classname="saucedemo.tests.LoginPageTest" name="testLoginWithInvalidCredentials" time="0.505"/>
  <testcase classname="saucedemo.tests.LogoutTest" name="testToLogoutFromProductDetailsPage" time="0.935"/>
  <testcase classname="saucedemo.tests.LoginPageTest" name="testLoginWithLockedCredentials" time="0.483"/>
  <testcase classname="saucedemo.tests.LoginPageTest" name="testLoginWithBlankCredentials" time="0.0">
    <ignored/>
  </testcase> <!-- testLoginWithBlankCredentials -->
</testsuite> <!-- Cross browser testing on Chrome Browser -->
