<?xml version="1.0" encoding="UTF-8"?>
<!-- Generated by org.testng.reporters.JUnitXMLReporter -->
<testsuite ignored="1" hostname="DESKTOP-ENRTSMA" failures="0" tests="5" name="Cross browser testing on Edge Browser" time="31.56" errors="0" timestamp="25 Nov 2023 16:03:52 GMT">
  <testcase classname="saucedemo.tests.LoginPageTest" name="testLoginWithValidCredentials" time="0.574"/>
  <testcase classname="saucedemo.tests.LogoutTest" name="testToLogoutFromProductListPage" time="0.922"/>
  <testcase classname="saucedemo.tests.LoginPageTest" name="testLoginWithInvalidCredentials" time="0.479"/>
  <testcase classname="saucedemo.tests.LogoutTest" name="testToLogoutFromProductDetailsPage" time="1.691"/>
  <testcase classname="saucedemo.tests.LoginPageTest" name="testLoginWithLockedCredentials" time="0.502"/>
  <testcase classname="saucedemo.tests.LoginPageTest" name="testLoginWithBlankCredentials" time="0.0">
    <ignored/>
  </testcase> <!-- testLoginWithBlankCredentials -->
</testsuite> <!-- Cross browser testing on Edge Browser -->
