<?xml version="1.0" encoding="UTF-8"?>
<!-- Generated by org.testng.reporters.JUnitXMLReporter -->
<testsuite ignored="1" hostname="DESKTOP-ENRTSMA" failures="0" tests="12" name="Functional test for saucedemo" time="47.125" errors="0" timestamp="25 Nov 2023 16:46:31 GMT">
  <testcase classname="saucedemo.tests.LoginPageTest" name="testLoginWithValidCredentials" time="0.617"/>
  <testcase classname="saucedemo.tests.ProductListPageTest" name="testToVerifyPageHeader" time="0.58"/>
  <testcase classname="saucedemo.tests.ProductDetailsPageTest" name="testToVerifyProductNameOnProductDetailsPage" time="0.757"/>
  <testcase classname="saucedemo.tests.LogoutTest" name="testToLogoutFromProductListPage" time="1.509"/>
  <testcase classname="saucedemo.tests.LoginPageTest" name="testLoginWithInvalidCredentials" time="0.497"/>
  <testcase classname="saucedemo.tests.ProductListPageTest" name="testToVerifyFooterNote" time="0.568"/>
  <testcase classname="saucedemo.tests.ProductDetailsPageTest" name="testToVerifyProductDescriptionOnProductDetailsPage" time="0.83"/>
  <testcase classname="saucedemo.tests.LogoutTest" name="testToLogoutFromProductDetailsPage" time="1.563"/>
  <testcase classname="saucedemo.tests.LoginPageTest" name="testLoginWithLockedCredentials" time="0.501"/>
  <testcase classname="saucedemo.tests.ProductListPageTest" name="testToVerifyProductDetailsPageIsDisplayed" time="0.698"/>
  <testcase classname="saucedemo.tests.ProductDetailsPageTest" name="testToVerifyProductPriceOnProductDetailsPage" time="0.718"/>
  <testcase classname="saucedemo.tests.ProductDetailsPageTest" name="testToVerifyProductListPageIsDisplayedonClickingBackToProductsLink" time="0.863"/>
  <testcase classname="saucedemo.tests.LoginPageTest" name="testLoginWithBlankCredentials" time="0.0">
    <ignored/>
  </testcase> <!-- testLoginWithBlankCredentials -->
</testsuite> <!-- Functional test for saucedemo -->
